<?xml version="1.0" encoding="UTF-8"?>
<testng-results ignored="0" total="1" passed="1" failed="0" skipped="0">
  <reporter-output>
  </reporter-output>
  <suite started-at="2023-06-12T11:49:58 IST" name="Default suite" finished-at="2023-06-12T11:50:29 IST" duration-ms="30493">
    <groups>
    </groups>
    <test started-at="2023-06-12T11:49:58 IST" name="Default test" finished-at="2023-06-12T11:50:29 IST" duration-ms="30493">
      <class name="TestNGpgms.Popuppgm">
        <test-method is-config="true" signature="setUp()[pri:0, instance:TestNGpgms.Popuppgm@1c7696c6]" started-at="2023-06-12T11:49:58 IST" name="setUp" finished-at="2023-06-12T11:50:16 IST" duration-ms="18077" status="PASS">
          <reporter-output>
          </reporter-output>
        </test-method> <!-- setUp -->
        <test-method signature="popup()[pri:0, instance:TestNGpgms.Popuppgm@1c7696c6]" started-at="2023-06-12T11:50:16 IST" name="popup" finished-at="2023-06-12T11:50:28 IST" duration-ms="11389" status="PASS">
          <reporter-output>
          </reporter-output>
        </test-method> <!-- popup -->
        <test-method is-config="true" signature="teardown()[pri:0, instance:TestNGpgms.Popuppgm@1c7696c6]" started-at="2023-06-12T11:50:28 IST" name="teardown" finished-at="2023-06-12T11:50:29 IST" duration-ms="932" status="PASS">
          <reporter-output>
          </reporter-output>
        </test-method> <!-- teardown -->
      </class> <!-- TestNGpgms.Popuppgm -->
    </test> <!-- Default test -->
  </suite> <!-- Default suite -->
</testng-results>
